{
  "RSpec": {
    "coverage": {
      "/Users/monster/Development/bloccit/config/environment.rb": [
        null,
        1,
        null,
        null,
        1
      ],
      "/Users/monster/Development/bloccit/config/application.rb": [
        1,
        null,
        1,
        null,
        1,
        1,
        1,
        1,
        1,
        1,
        1,
        null,
        null,
        null,
        null,
        1,
        null,
        1,
        1,
        null,
        null,
        null,
        null,
        null,
        null,
        null,
        null,
        null,
        null,
        null,
        null,
        null,
        1,
        1,
        null,
        null
      ],
      "/Users/monster/Development/bloccit/config/boot.rb": [
        1,
        null,
        1
      ],
      "/Users/monster/Development/bloccit/config/environments/test.rb": [
        1,
        null,
        null,
        null,
        null,
        null,
        null,
        1,
        null,
        null,
        null,
        null,
        1,
        null,
        null,
        1,
        1,
        null,
        null,
        1,
        1,
        null,
        null,
        1,
        null,
        null,
        1,
        null,
        null,
        null,
        null,
        1,
        null,
        null,
        1,
        null,
        null,
        1,
        null,
        null,
        null,
        1,
        null
      ],
      "/Users/monster/Development/bloccit/config/initializers/assets.rb": [
        null,
        null,
        null,
        1,
        null,
        null,
        null,
        null,
        null,
        null,
        null
      ],
      "/Users/monster/Development/bloccit/config/initializers/backtrace_silencers.rb": [
        null,
        null,
        null,
        null,
        null,
        null,
        null
      ],
      "/Users/monster/Development/bloccit/config/initializers/cookies_serializer.rb": [
        null,
        null,
        1
      ],
      "/Users/monster/Development/bloccit/config/initializers/filter_parameter_logging.rb": [
        null,
        null,
        null,
        1
      ],
      "/Users/monster/Development/bloccit/config/initializers/inflections.rb": [
        null,
        null,
        null,
        null,
        null,
        null,
        null,
        null,
        null,
        null,
        null,
        null,
        null,
        null,
        null,
        null
      ],
      "/Users/monster/Development/bloccit/config/initializers/mime_types.rb": [
        null,
        null,
        null,
        null
      ],
      "/Users/monster/Development/bloccit/config/initializers/session_store.rb": [
        null,
        null,
        1
      ],
      "/Users/monster/Development/bloccit/config/initializers/setup_mail.rb": [
        1,
        0,
        0,
        null,
        null,
        null,
        null,
        null,
        null,
        null,
        null,
        null
      ],
      "/Users/monster/Development/bloccit/config/initializers/wrap_parameters.rb": [
        null,
        null,
        null,
        null,
        null,
        null,
        1,
        1,
        null,
        null,
        null,
        null,
        null,
        null
      ],
      "/Users/monster/Development/bloccit/lib/random_data.rb": [
        1,
        1,
        9,
        9,
        9,
        null,
        null,
        1,
        7,
        null,
        null,
        1,
        1672,
        1672,
        1672,
        null,
        null,
        1,
        293,
        293,
        293,
        1633,
        null,
        293,
        293,
        null,
        null,
        1,
        48,
        48,
        240,
        null,
        48,
        null,
        null
      ],
      "/Users/monster/Development/bloccit/config/routes.rb": [
        1,
        1,
        null,
        1,
        null,
        1,
        1,
        null,
        null,
        1,
        1,
        1,
        null,
        1,
        1,
        null,
        null,
        null,
        1,
        1,
        1,
        null,
        1,
        1,
        1,
        1,
        null,
        null,
        null
      ],
      "/Users/monster/Development/bloccit/app/helpers/application_helper.rb": [
        1,
        null,
        1,
        0,
        0,
        null,
        0,
        null,
        null
      ],
      "/Users/monster/Development/bloccit/app/helpers/comments_helper.rb": [
        1,
        1,
        0,
        null,
        null
      ],
      "/Users/monster/Development/bloccit/app/helpers/favorites_helper.rb": [
        1,
        null
      ],
      "/Users/monster/Development/bloccit/app/helpers/labels_helper.rb": [
        1,
        null,
        1,
        3,
        null,
        null
      ],
      "/Users/monster/Development/bloccit/app/helpers/posts_helper.rb": [
        1,
        1,
        0,
        null,
        null
      ],
      "/Users/monster/Development/bloccit/app/helpers/sessions_helper.rb": [
        1,
        null,
        1,
        98,
        null,
        null,
        1,
        3,
        null,
        null,
        1,
        198,
        null,
        null
      ],
      "/Users/monster/Development/bloccit/app/helpers/topics_helper.rb": [
        1,
        1,
        0,
        null,
        null
      ],
      "/Users/monster/Development/bloccit/app/helpers/users_helper.rb": [
        1,
        null
      ],
      "/Users/monster/Development/bloccit/app/helpers/votes_helper.rb": [
        1,
        null
      ],
      "/Users/monster/Development/bloccit/app/controllers/api/v1/base_controller.rb": [
        1,
        1,
        null,
        1,
        1,
        null,
        1,
        41,
        34,
        null,
        null,
        null,
        1,
        33,
        7,
        null,
        null,
        null,
        1,
        0,
        null,
        null,
        1,
        0,
        null,
        null
      ],
      "/Users/monster/Development/bloccit/app/controllers/application_controller.rb": [
        1,
        null,
        null,
        1,
        1,
        null,
        1,
        null,
        1,
        94,
        16,
        16,
        null,
        null,
        null
      ],
      "/Users/monster/Development/bloccit/app/controllers/api/v1/topics_controller.rb": [
        1,
        1,
        1,
        null,
        1,
        2,
        2,
        null,
        null,
        1,
        2,
        2,
        null,
        null,
        1,
        3,
        null,
        3,
        3,
        null,
        0,
        null,
        null,
        null,
        1,
        3,
        null,
        3,
        3,
        3,
        null,
        0,
        null,
        null,
        null,
        1,
        4,
        null,
        4,
        4,
        null,
        0,
        null,
        null,
        null,
        1,
        null,
        1,
        6,
        null,
        null
      ],
      "/Users/monster/Development/bloccit/app/controllers/api/v1/users_controller.rb": [
        1,
        1,
        1,
        null,
        1,
        3,
        3,
        null,
        null,
        1,
        3,
        3,
        null,
        null,
        1,
        5,
        null,
        5,
        3,
        null,
        2,
        null,
        null,
        null,
        1,
        5,
        null,
        5,
        3,
        3,
        null,
        2,
        null,
        null,
        null,
        1,
        null,
        1,
        10,
        null,
        null
      ],
      "/Users/monster/Development/bloccit/app/controllers/comments_controller.rb": [
        1,
        1,
        1,
        null,
        1,
        6,
        6,
        6,
        6,
        null,
        6,
        6,
        null,
        0,
        null,
        null,
        6,
        6,
        6,
        null,
        null,
        null,
        1,
        4,
        4,
        null,
        4,
        4,
        null,
        0,
        null,
        null,
        4,
        4,
        4,
        null,
        null,
        null,
        1,
        null,
        1,
        6,
        null,
        null,
        1,
        5,
        5,
        1,
        1,
        null,
        null,
        null
      ],
      "/Users/monster/Development/bloccit/app/controllers/favorites_controller.rb": [
        1,
        null,
        1,
        null,
        1,
        2,
        2,
        null,
        2,
        2,
        null,
        0,
        null,
        null,
        2,
        null,
        null,
        1,
        2,
        2,
        null,
        2,
        2,
        null,
        0,
        null,
        2,
        null,
        null
      ],
      "/Users/monster/Development/bloccit/app/controllers/labels_controller.rb": [
        1,
        1,
        4,
        null,
        null
      ],
      "/Users/monster/Development/bloccit/app/controllers/posts_controller.rb": [
        1,
        null,
        1,
        1,
        null,
        1,
        12,
        null,
        null,
        1,
        9,
        9,
        null,
        null,
        1,
        9,
        9,
        9,
        null,
        9,
        9,
        9,
        9,
        null,
        0,
        0,
        null,
        null,
        null,
        1,
        6,
        null,
        null,
        1,
        4,
        4,
        null,
        4,
        4,
        4,
        4,
        null,
        0,
        0,
        null,
        null,
        null,
        1,
        4,
        null,
        4,
        4,
        4,
        null,
        0,
        0,
        null,
        null,
        null,
        1,
        null,
        1,
        13,
        null,
        null,
        null,
        1,
        17,
        17,
        3,
        3,
        null,
        null,
        null
      ],
      "/Users/monster/Development/bloccit/app/controllers/sessions_controller.rb": [
        1,
        null,
        1,
        null,
        null,
        1,
        6,
        null,
        6,
        2,
        2,
        2,
        null,
        4,
        4,
        null,
        null,
        null,
        1,
        3,
        3,
        3,
        null,
        null
      ],
      "/Users/monster/Development/bloccit/app/controllers/topics_controller.rb": [
        1,
        null,
        1,
        1,
        null,
        1,
        8,
        null,
        null,
        1,
        10,
        null,
        10,
        1,
        1,
        null,
        null,
        null,
        1,
        1,
        null,
        null,
        1,
        3,
        null,
        3,
        3,
        3,
        3,
        null,
        0,
        0,
        null,
        null,
        null,
        1,
        3,
        null,
        null,
        1,
        2,
        null,
        2,
        null,
        2,
        2,
        2,
        2,
        null,
        0,
        0,
        null,
        null,
        null,
        1,
        2,
        null,
        2,
        2,
        2,
        null,
        0,
        0,
        null,
        null,
        null,
        1,
        1,
        5,
        null,
        null,
        1,
        16,
        5,
        5,
        null,
        null,
        null
      ],
      "/Users/monster/Development/bloccit/app/controllers/users_controller.rb": [
        1,
        1,
        0,
        0,
        null,
        null,
        1,
        2,
        null,
        null,
        1,
        9,
        9,
        0,
        0,
        0,
        0,
        null,
        0,
        0,
        0,
        0,
        null,
        0,
        0,
        null,
        null,
        null
      ],
      "/Users/monster/Development/bloccit/app/controllers/votes_controller.rb": [
        1,
        null,
        1,
        null,
        1,
        6,
        6,
        null,
        null,
        1,
        6,
        6,
        null,
        null,
        1,
        null,
        1,
        12,
        12,
        null,
        12,
        2,
        null,
        10,
        null,
        null,
        null
      ],
      "/Users/monster/Development/bloccit/app/controllers/welcome_controller.rb": [
        1,
        1,
        null,
        null,
        1,
        null,
        null
      ],
      "/Users/monster/Development/bloccit/app/mailers/favorite_mailer.rb": [
        1,
        1,
        null,
        1,
        0,
        0,
        0,
        null,
        0,
        0,
        0,
        null,
        0,
        null,
        null
      ],
      "/Users/monster/Development/bloccit/app/mailers/application_mailer.rb": [
        1,
        1,
        1,
        null
      ],
      "/Users/monster/Development/bloccit/app/models/comment.rb": [
        1,
        1,
        1,
        null,
        1,
        1,
        null,
        67,
        null,
        1,
        null,
        1,
        null,
        1,
        14,
        1,
        null,
        null,
        null
      ],
      "/Users/monster/Development/bloccit/app/models/favorite.rb": [
        1,
        1,
        1,
        null
      ],
      "/Users/monster/Development/bloccit/app/models/label.rb": [
        1,
        null,
        1,
        1,
        1,
        null,
        1,
        19,
        null,
        1,
        2,
        null,
        null,
        null,
        null
      ],
      "/Users/monster/Development/bloccit/app/models/labeling.rb": [
        1,
        1,
        1,
        null
      ],
      "/Users/monster/Development/bloccit/app/models/post.rb": [
        1,
        1,
        1,
        1,
        1,
        1,
        1,
        1,
        null,
        242,
        1,
        null,
        1,
        1,
        1,
        1,
        null,
        1,
        1,
        null,
        null,
        1,
        1,
        null,
        null,
        1,
        52,
        null,
        null,
        1,
        46,
        46,
        46,
        null,
        null
      ],
      "/Users/monster/Development/bloccit/app/models/topic.rb": [
        1,
        1,
        1,
        1,
        null,
        11,
        null
      ],
      "/Users/monster/Development/bloccit/app/models/user.rb": [
        1,
        1,
        null,
        1,
        1,
        1,
        1,
        null,
        260,
        278,
        null,
        1,
        null,
        1,
        null,
        1,
        1,
        null,
        1,
        null,
        null,
        null,
        null,
        1,
        null,
        null,
        1,
        null,
        1,
        2,
        null,
        null,
        1,
        1,
        1,
        null,
        null,
        1,
        209,
        209,
        209,
        null,
        null,
        null
      ],
      "/Users/monster/Development/bloccit/app/models/vote.rb": [
        1,
        1,
        1,
        1,
        null,
        1,
        null,
        1,
        null,
        1,
        47,
        null,
        null,
        null
      ]
    },
    "timestamp": 1464054691
  }
}
